<?xml version="1.0" encoding="UTF-8"?>
<coverage generated="1510729540642" clover="3.2.0">
  <project timestamp="1510729540642" name="All files">
    <metrics statements="22" coveredstatements="19" conditionals="14" coveredconditionals="8" methods="9" coveredmethods="6" elements="45" coveredelements="33" complexity="0" loc="22" ncloc="22" packages="1" files="1" classes="1">
      <file name="Landing.js" path="/Users/Gorgias/Desktop/Showcase-App/react-native-navigation-minimal-boilerplate/output/screens/Landing.js">
        <metrics statements="22" coveredstatements="19" conditionals="14" coveredconditionals="8" methods="9" coveredmethods="6"/>
        <line num="2" count="1" type="cond" truecount="3" falsecount="0"/>
        <line num="3" count="1" type="cond" truecount="1" falsecount="3"/>
        <line num="4" count="0" type="stmt"/>
        <line num="5" count="0" type="cond" truecount="0" falsecount="2"/>
        <line num="6" count="1" type="stmt"/>
        <line num="7" count="1" type="stmt"/>
        <line num="8" count="1" type="stmt"/>
        <line num="9" count="1" type="cond" truecount="1" falsecount="1"/>
        <line num="12" count="1" type="stmt"/>
        <line num="13" count="1" type="stmt"/>
        <line num="14" count="1" type="stmt"/>
        <line num="15" count="1" type="stmt"/>
        <line num="16" count="1" type="stmt"/>
        <line num="17" count="1" type="stmt"/>
        <line num="19" count="1" type="cond" truecount="3" falsecount="0"/>
        <line num="20" count="1" type="stmt"/>
        <line num="21" count="0" type="stmt"/>
        <line num="26" count="1" type="stmt"/>
        <line num="28" count="1" type="stmt"/>
        <line num="29" count="1" type="stmt"/>
        <line num="33" count="1" type="stmt"/>
        <line num="35" count="1" type="stmt"/>
      </file>
    </metrics>
  </project>
</coverage>
