{"/Users/Gorgias/Desktop/Showcase-App/react-native-navigation-minimal-boilerplate/output/screens/Landing.js": {"path":"/Users/Gorgias/Desktop/Showcase-App/react-native-navigation-minimal-boilerplate/output/screens/Landing.js","statementMap":{"0":{"start":{"line":2,"column":16},"end":{"line":11,"column":4}},"1":{"start":{"line":3,"column":24},"end":{"line":5,"column":82}},"2":{"start":{"line":4,"column":65},"end":{"line":4,"column":81}},"3":{"start":{"line":5,"column":26},"end":{"line":5,"column":80}},"4":{"start":{"line":5,"column":43},"end":{"line":5,"column":80}},"5":{"start":{"line":5,"column":68},"end":{"line":5,"column":80}},"6":{"start":{"line":6,"column":4},"end":{"line":10,"column":6}},"7":{"start":{"line":7,"column":8},"end":{"line":7,"column":28}},"8":{"start":{"line":8,"column":24},"end":{"line":8,"column":45}},"9":{"start":{"line":9,"column":8},"end":{"line":9,"column":93}},"10":{"start":{"line":12,"column":0},"end":{"line":12,"column":62}},"11":{"start":{"line":13,"column":12},"end":{"line":13,"column":28}},"12":{"start":{"line":14,"column":21},"end":{"line":14,"column":44}},"13":{"start":{"line":15,"column":30},"end":{"line":15,"column":62}},"14":{"start":{"line":16,"column":23},"end":{"line":34,"column":18}},"15":{"start":{"line":17,"column":4},"end":{"line":17,"column":39}},"16":{"start":{"line":19,"column":20},"end":{"line":19,"column":76}},"17":{"start":{"line":20,"column":8},"end":{"line":25,"column":10}},"18":{"start":{"line":21,"column":12},"end":{"line":24,"column":15}},"19":{"start":{"line":26,"column":8},"end":{"line":26,"column":21}},"20":{"start":{"line":28,"column":4},"end":{"line":32,"column":6}},"21":{"start":{"line":29,"column":8},"end":{"line":31,"column":36}},"22":{"start":{"line":33,"column":4},"end":{"line":33,"column":27}},"23":{"start":{"line":35,"column":0},"end":{"line":35,"column":34}}},"fnMap":{"0":{"name":"(anonymous_0)","decl":{"start":{"line":2,"column":45},"end":{"line":2,"column":46}},"loc":{"start":{"line":2,"column":57},"end":{"line":11,"column":1}},"line":2},"1":{"name":"(anonymous_1)","decl":{"start":{"line":4,"column":47},"end":{"line":4,"column":48}},"loc":{"start":{"line":4,"column":63},"end":{"line":4,"column":83}},"line":4},"2":{"name":"(anonymous_2)","decl":{"start":{"line":5,"column":8},"end":{"line":5,"column":9}},"loc":{"start":{"line":5,"column":24},"end":{"line":5,"column":82}},"line":5},"3":{"name":"(anonymous_3)","decl":{"start":{"line":6,"column":11},"end":{"line":6,"column":12}},"loc":{"start":{"line":6,"column":27},"end":{"line":10,"column":5}},"line":6},"4":{"name":"__","decl":{"start":{"line":8,"column":17},"end":{"line":8,"column":19}},"loc":{"start":{"line":8,"column":22},"end":{"line":8,"column":47}},"line":8},"5":{"name":"(anonymous_5)","decl":{"start":{"line":16,"column":23},"end":{"line":16,"column":24}},"loc":{"start":{"line":16,"column":41},"end":{"line":34,"column":1}},"line":16},"6":{"name":"NavigationTypes","decl":{"start":{"line":18,"column":13},"end":{"line":18,"column":28}},"loc":{"start":{"line":18,"column":31},"end":{"line":27,"column":5}},"line":18},"7":{"name":"(anonymous_7)","decl":{"start":{"line":20,"column":27},"end":{"line":20,"column":28}},"loc":{"start":{"line":20,"column":39},"end":{"line":25,"column":9}},"line":20},"8":{"name":"(anonymous_8)","decl":{"start":{"line":28,"column":39},"end":{"line":28,"column":40}},"loc":{"start":{"line":28,"column":51},"end":{"line":32,"column":5}},"line":28}},"branchMap":{"0":{"loc":{"start":{"line":2,"column":16},"end":{"line":11,"column":4}},"type":"binary-expr","locations":[{"start":{"line":2,"column":17},"end":{"line":2,"column":21}},{"start":{"line":2,"column":25},"end":{"line":2,"column":39}},{"start":{"line":2,"column":44},"end":{"line":11,"column":4}}],"line":2},"1":{"loc":{"start":{"line":3,"column":24},"end":{"line":5,"column":82}},"type":"binary-expr","locations":[{"start":{"line":3,"column":24},"end":{"line":3,"column":45}},{"start":{"line":4,"column":9},"end":{"line":4,"column":43}},{"start":{"line":4,"column":47},"end":{"line":4,"column":83}},{"start":{"line":5,"column":8},"end":{"line":5,"column":82}}],"line":3},"2":{"loc":{"start":{"line":5,"column":43},"end":{"line":5,"column":80}},"type":"if","locations":[{"start":{"line":5,"column":43},"end":{"line":5,"column":80}},{"start":{"line":5,"column":43},"end":{"line":5,"column":80}}],"line":5},"3":{"loc":{"start":{"line":9,"column":22},"end":{"line":9,"column":92}},"type":"cond-expr","locations":[{"start":{"line":9,"column":35},"end":{"line":9,"column":51}},{"start":{"line":9,"column":55},"end":{"line":9,"column":91}}],"line":9},"4":{"loc":{"start":{"line":19,"column":20},"end":{"line":19,"column":76}},"type":"binary-expr","locations":[{"start":{"line":19,"column":20},"end":{"line":19,"column":35}},{"start":{"line":19,"column":39},"end":{"line":19,"column":68}},{"start":{"line":19,"column":72},"end":{"line":19,"column":76}}],"line":19}},"s":{"0":1,"1":1,"2":0,"3":0,"4":0,"5":0,"6":1,"7":1,"8":1,"9":1,"10":1,"11":1,"12":1,"13":1,"14":1,"15":1,"16":1,"17":1,"18":0,"19":1,"20":1,"21":1,"22":1,"23":1},"f":{"0":1,"1":0,"2":0,"3":1,"4":1,"5":1,"6":1,"7":0,"8":1},"b":{"0":[1,1,1],"1":[1,0,0,0],"2":[0,0],"3":[0,1],"4":[1,1,1]},"inputSourceMap":{"version":3,"file":"Landing.js","sourceRoot":"","sources":["../../src/screens/Landing.tsx"],"names":[],"mappings":";;;;;;;;;;;;AAAA,6BAA+B;AAC/B,6CAA0C;AAE1C,+DAA+C;AAE/C;IAA8B,mCAAyB;IAAvD;QAAA,qEAuBC;QAtBG,gBAAU,GAAG;YACT,KAAI,CAAC,KAAK,CAAC,SAAS,CAAC,IAAI,CAAC;gBACtB,MAAM,EAAE,MAAM;gBACd,KAAK,EAAE,YAAY;aACtB,CAAC,CAAC;QACP,CAAC,CAAC;;IAiBN,CAAC;IAfU,gCAAM,GAAb;QACI,MAAM,CAAC,CACH,CAAC,mBAAI,CAAC,KAAK,CAAC,CAAC,EAAE,SAAS,EAAE,EAAE,EAAE,CAAC,CAC3B;gBAAA,CAAC,8BAAM,CACH,MAAM,CACN,kBAAkB,CAAC,CAAC,EAAE,YAAY,EAAE,EAAE,EAAE,CAAC,CACzC,IAAI,CAAC,CAAC,EAAE,IAAI,EAAE,MAAM,EAAE,IAAI,EAAE,EAAE,EAAE,CAAC,CACjC,WAAW,CAAC,CAAC,EAAE,eAAe,EAAE,KAAK,EAAE,YAAY,EAAE,EAAE,EAAE,CAAC,CAC1D,SAAS,CAAC,CAAC,EAAE,SAAS,EAAE,QAAQ,EAAE,CAAC,CACnC,KAAK,CAAC,CAAC,0BAA0B,CAAC,CAClC,OAAO,CAAC,CAAC,IAAI,CAAC,UAAU,CAAC,EAEjC;YAAA,EAAE,mBAAI,CAAC,CACV,CAAC;IACN,CAAC;IACL,sBAAC;AAAD,CAAC,AAvBD,CAA8B,KAAK,CAAC,SAAS,GAuB5C;AAED,kBAAe,eAAe,CAAC"},"_coverageSchema":"332fd63041d2c1bcb487cc26dd0d5f7d97098a6c","hash":"8fa468c271d72809b9bfb2680e4dca3e10cca991"}
}
