TN:
SF:/Users/Gorgias/Desktop/Showcase-App/react-native-navigation-minimal-boilerplate/output/screens/Landing.js
FN:2,(anonymous_0)
FN:4,(anonymous_1)
FN:5,(anonymous_2)
FN:6,(anonymous_3)
FN:8,__
FN:16,(anonymous_5)
FN:18,NavigationTypes
FN:20,(anonymous_7)
FN:28,(anonymous_8)
FNF:9
FNH:6
FNDA:1,(anonymous_0)
FNDA:0,(anonymous_1)
FNDA:0,(anonymous_2)
FNDA:1,(anonymous_3)
FNDA:1,__
FNDA:1,(anonymous_5)
FNDA:1,NavigationTypes
FNDA:0,(anonymous_7)
FNDA:1,(anonymous_8)
DA:2,1
DA:3,1
DA:4,0
DA:5,0
DA:6,1
DA:7,1
DA:8,1
DA:9,1
DA:12,1
DA:13,1
DA:14,1
DA:15,1
DA:16,1
DA:17,1
DA:19,1
DA:20,1
DA:21,0
DA:26,1
DA:28,1
DA:29,1
DA:33,1
DA:35,1
LF:22
LH:19
BRDA:2,0,0,1
BRDA:2,0,1,1
BRDA:2,0,2,1
BRDA:3,1,0,1
BRDA:3,1,1,0
BRDA:3,1,2,0
BRDA:3,1,3,0
BRDA:5,2,0,0
BRDA:5,2,1,0
BRDA:9,3,0,0
BRDA:9,3,1,1
BRDA:19,4,0,1
BRDA:19,4,1,1
BRDA:19,4,2,1
BRF:14
BRH:8
end_of_record
